
AVRASM ver. 2.1.30  B:\Code\Introduccion-microcontroladores-master\Proyecto_01\Receptor\Debug\List\Practica_07.asm Sat Jun 27 08:20:48 2020

B:\Code\Introduccion-microcontroladores-master\Proyecto_01\Receptor\Debug\List\Practica_07.asm(1086): warning: Register r4 already defined by the .DEF directive
B:\Code\Introduccion-microcontroladores-master\Proyecto_01\Receptor\Debug\List\Practica_07.asm(1087): warning: Register r5 already defined by the .DEF directive
B:\Code\Introduccion-microcontroladores-master\Proyecto_01\Receptor\Debug\List\Practica_07.asm(1088): warning: Register r6 already defined by the .DEF directive
B:\Code\Introduccion-microcontroladores-master\Proyecto_01\Receptor\Debug\List\Practica_07.asm(1089): warning: Register r7 already defined by the .DEF directive
B:\Code\Introduccion-microcontroladores-master\Proyecto_01\Receptor\Debug\List\Practica_07.asm(1090): warning: Register r9 already defined by the .DEF directive
B:\Code\Introduccion-microcontroladores-master\Proyecto_01\Receptor\Debug\List\Practica_07.asm(1091): warning: Register r10 already defined by the .DEF directive
B:\Code\Introduccion-microcontroladores-master\Proyecto_01\Receptor\Debug\List\Practica_07.asm(1092): warning: Register r11 already defined by the .DEF directive
B:\Code\Introduccion-microcontroladores-master\Proyecto_01\Receptor\Debug\List\Practica_07.asm(1093): warning: Register r12 already defined by the .DEF directive
B:\Code\Introduccion-microcontroladores-master\Proyecto_01\Receptor\Debug\List\Practica_07.asm(1094): warning: Register r13 already defined by the .DEF directive
                 
                 
                 ;CodeVisionAVR C Compiler V3.12 Advanced
                 ;(C) Copyright 1998-2014 Pavel Haiduc, HP InfoTech s.r.l.
                 ;http://www.hpinfotech.com
                 
                 ;Build configuration    : Debug
                 ;Chip type              : ATmega8535L
                 ;Program type           : Application
                 ;Clock frequency        : 1.000000 MHz
                 ;Memory model           : Small
                 ;Optimize for           : Size
                 ;(s)printf features     : int, width
                 ;(s)scanf features      : int, width
                 ;External RAM size      : 0
                 ;Data Stack size        : 128 byte(s)
                 ;Heap size              : 0 byte(s)
                 ;Promote 'char' to 'int': Yes
                 ;'char' is unsigned     : Yes
                 ;8 bit enums            : Yes
                 ;Global 'const' stored in FLASH: Yes
                 ;Enhanced function parameter passing: Yes
                 ;Enhanced core instructions: On
                 ;Automatic register allocation for global variables: On
                 ;Smart register allocation: On
                 
                 	#define _MODEL_SMALL_
                 
                 	#pragma AVRPART ADMIN PART_NAME ATmega8535L
                 	#pragma AVRPART MEMORY PROG_FLASH 8192
                 	#pragma AVRPART MEMORY EEPROM 512
                 	#pragma AVRPART MEMORY INT_SRAM SIZE 512
                 	#pragma AVRPART MEMORY INT_SRAM START_ADDR 0x60
                 
                 	.LISTMAC
                 	.EQU UDRE=0x5
                 	.EQU RXC=0x7
                 	.EQU USR=0xB
                 	.EQU UDR=0xC
                 	.EQU SPSR=0xE
                 	.EQU SPDR=0xF
                 	.EQU EERE=0x0
                 	.EQU EEWE=0x1
                 	.EQU EEMWE=0x2
                 	.EQU EECR=0x1C
                 	.EQU EEDR=0x1D
                 	.EQU EEARL=0x1E
                 	.EQU EEARH=0x1F
                 	.EQU WDTCR=0x21
                 	.EQU MCUCR=0x35
                 	.EQU GICR=0x3B
                 	.EQU SPL=0x3D
                 	.EQU SPH=0x3E
                 	.EQU SREG=0x3F
                 
                 	.DEF R0X0=R0
                 	.DEF R0X1=R1
                 	.DEF R0X2=R2
                 	.DEF R0X3=R3
                 	.DEF R0X4=R4
                 	.DEF R0X5=R5
                 	.DEF R0X6=R6
                 	.DEF R0X7=R7
                 	.DEF R0X8=R8
                 	.DEF R0X9=R9
                 	.DEF R0XA=R10
                 	.DEF R0XB=R11
                 	.DEF R0XC=R12
                 	.DEF R0XD=R13
                 	.DEF R0XE=R14
                 	.DEF R0XF=R15
                 	.DEF R0X10=R16
                 	.DEF R0X11=R17
                 	.DEF R0X12=R18
                 	.DEF R0X13=R19
                 	.DEF R0X14=R20
                 	.DEF R0X15=R21
                 	.DEF R0X16=R22
                 	.DEF R0X17=R23
                 	.DEF R0X18=R24
                 	.DEF R0X19=R25
                 	.DEF R0X1A=R26
                 	.DEF R0X1B=R27
                 	.DEF R0X1C=R28
                 	.DEF R0X1D=R29
                 	.DEF R0X1E=R30
                 	.DEF R0X1F=R31
                 
                 	.EQU __SRAM_START=0x0060
                 	.EQU __SRAM_END=0x025F
                 	.EQU __DSTACK_SIZE=0x0080
                 	.EQU __HEAP_SIZE=0x0000
                 	.EQU __CLEAR_SRAM_SIZE=__SRAM_END-__SRAM_START+1
                 
                 	.MACRO __CPD1N
                 	CPI  R30,LOW(@0)
                 	LDI  R26,HIGH(@0)
                 	CPC  R31,R26
                 	LDI  R26,BYTE3(@0)
                 	CPC  R22,R26
                 	LDI  R26,BYTE4(@0)
                 	CPC  R23,R26
                 	.ENDM
                 
                 	.MACRO __CPD2N
                 	CPI  R26,LOW(@0)
                 	LDI  R30,HIGH(@0)
                 	CPC  R27,R30
                 	LDI  R30,BYTE3(@0)
                 	CPC  R24,R30
                 	LDI  R30,BYTE4(@0)
                 	CPC  R25,R30
                 	.ENDM
                 
                 	.MACRO __CPWRR
                 	CP   R@0,R@2
                 	CPC  R@1,R@3
                 	.ENDM
                 
                 	.MACRO __CPWRN
                 	CPI  R@0,LOW(@2)
                 	LDI  R30,HIGH(@2)
                 	CPC  R@1,R30
                 	.ENDM
                 
                 	.MACRO __ADDB1MN
                 	SUBI R30,LOW(-@0-(@1))
                 	.ENDM
                 
                 	.MACRO __ADDB2MN
                 	SUBI R26,LOW(-@0-(@1))
                 	.ENDM
                 
                 	.MACRO __ADDW1MN
                 	SUBI R30,LOW(-@0-(@1))
                 	SBCI R31,HIGH(-@0-(@1))
                 	.ENDM
                 
                 	.MACRO __ADDW2MN
                 	SUBI R26,LOW(-@0-(@1))
                 	SBCI R27,HIGH(-@0-(@1))
                 	.ENDM
                 
                 	.MACRO __ADDW1FN
                 	SUBI R30,LOW(-2*@0-(@1))
                 	SBCI R31,HIGH(-2*@0-(@1))
                 	.ENDM
                 
                 	.MACRO __ADDD1FN
                 	SUBI R30,LOW(-2*@0-(@1))
                 	SBCI R31,HIGH(-2*@0-(@1))
                 	SBCI R22,BYTE3(-2*@0-(@1))
                 	.ENDM
                 
                 	.MACRO __ADDD1N
                 	SUBI R30,LOW(-@0)
                 	SBCI R31,HIGH(-@0)
                 	SBCI R22,BYTE3(-@0)
                 	SBCI R23,BYTE4(-@0)
                 	.ENDM
                 
                 	.MACRO __ADDD2N
                 	SUBI R26,LOW(-@0)
                 	SBCI R27,HIGH(-@0)
                 	SBCI R24,BYTE3(-@0)
                 	SBCI R25,BYTE4(-@0)
                 	.ENDM
                 
                 	.MACRO __SUBD1N
                 	SUBI R30,LOW(@0)
                 	SBCI R31,HIGH(@0)
                 	SBCI R22,BYTE3(@0)
                 	SBCI R23,BYTE4(@0)
                 	.ENDM
                 
                 	.MACRO __SUBD2N
                 	SUBI R26,LOW(@0)
                 	SBCI R27,HIGH(@0)
                 	SBCI R24,BYTE3(@0)
                 	SBCI R25,BYTE4(@0)
                 	.ENDM
                 
                 	.MACRO __ANDBMNN
                 	LDS  R30,@0+(@1)
                 	ANDI R30,LOW(@2)
                 	STS  @0+(@1),R30
                 	.ENDM
                 
                 	.MACRO __ANDWMNN
                 	LDS  R30,@0+(@1)
                 	ANDI R30,LOW(@2)
                 	STS  @0+(@1),R30
                 	LDS  R30,@0+(@1)+1
                 	ANDI R30,HIGH(@2)
                 	STS  @0+(@1)+1,R30
                 	.ENDM
                 
                 	.MACRO __ANDD1N
                 	ANDI R30,LOW(@0)
                 	ANDI R31,HIGH(@0)
                 	ANDI R22,BYTE3(@0)
                 	ANDI R23,BYTE4(@0)
                 	.ENDM
                 
                 	.MACRO __ANDD2N
                 	ANDI R26,LOW(@0)
                 	ANDI R27,HIGH(@0)
                 	ANDI R24,BYTE3(@0)
                 	ANDI R25,BYTE4(@0)
                 	.ENDM
                 
                 	.MACRO __ORBMNN
                 	LDS  R30,@0+(@1)
                 	ORI  R30,LOW(@2)
                 	STS  @0+(@1),R30
                 	.ENDM
                 
                 	.MACRO __ORWMNN
                 	LDS  R30,@0+(@1)
                 	ORI  R30,LOW(@2)
                 	STS  @0+(@1),R30
                 	LDS  R30,@0+(@1)+1
                 	ORI  R30,HIGH(@2)
                 	STS  @0+(@1)+1,R30
                 	.ENDM
                 
                 	.MACRO __ORD1N
                 	ORI  R30,LOW(@0)
                 	ORI  R31,HIGH(@0)
                 	ORI  R22,BYTE3(@0)
                 	ORI  R23,BYTE4(@0)
                 	.ENDM
                 
                 	.MACRO __ORD2N
                 	ORI  R26,LOW(@0)
                 	ORI  R27,HIGH(@0)
                 	ORI  R24,BYTE3(@0)
                 	ORI  R25,BYTE4(@0)
                 	.ENDM
                 
                 	.MACRO __DELAY_USB
                 	LDI  R24,LOW(@0)
                 __DELAY_USB_LOOP:
                 	DEC  R24
                 	BRNE __DELAY_USB_LOOP
                 	.ENDM
                 
                 	.MACRO __DELAY_USW
                 	LDI  R24,LOW(@0)
                 	LDI  R25,HIGH(@0)
                 __DELAY_USW_LOOP:
                 	SBIW R24,1
                 	BRNE __DELAY_USW_LOOP
                 	.ENDM
                 
                 	.MACRO __GETD1S
                 	LDD  R30,Y+@0
                 	LDD  R31,Y+@0+1
                 	LDD  R22,Y+@0+2
                 	LDD  R23,Y+@0+3
                 	.ENDM
                 
                 	.MACRO __GETD2S
                 	LDD  R26,Y+@0
                 	LDD  R27,Y+@0+1
                 	LDD  R24,Y+@0+2
                 	LDD  R25,Y+@0+3
                 	.ENDM
                 
                 	.MACRO __PUTD1S
                 	STD  Y+@0,R30
                 	STD  Y+@0+1,R31
                 	STD  Y+@0+2,R22
                 	STD  Y+@0+3,R23
                 	.ENDM
                 
                 	.MACRO __PUTD2S
                 	STD  Y+@0,R26
                 	STD  Y+@0+1,R27
                 	STD  Y+@0+2,R24
                 	STD  Y+@0+3,R25
                 	.ENDM
                 
                 	.MACRO __PUTDZ2
                 	STD  Z+@0,R26
                 	STD  Z+@0+1,R27
                 	STD  Z+@0+2,R24
                 	STD  Z+@0+3,R25
                 	.ENDM
                 
                 	.MACRO __CLRD1S
                 	STD  Y+@0,R30
                 	STD  Y+@0+1,R30
                 	STD  Y+@0+2,R30
                 	STD  Y+@0+3,R30
                 	.ENDM
                 
                 	.MACRO __POINTB1MN
                 	LDI  R30,LOW(@0+(@1))
                 	.ENDM
                 
                 	.MACRO __POINTW1MN
                 	LDI  R30,LOW(@0+(@1))
                 	LDI  R31,HIGH(@0+(@1))
                 	.ENDM
                 
                 	.MACRO __POINTD1M
                 	LDI  R30,LOW(@0)
                 	LDI  R31,HIGH(@0)
                 	LDI  R22,BYTE3(@0)
                 	LDI  R23,BYTE4(@0)
                 	.ENDM
                 
                 	.MACRO __POINTW1FN
                 	LDI  R30,LOW(2*@0+(@1))
                 	LDI  R31,HIGH(2*@0+(@1))
                 	.ENDM
                 
                 	.MACRO __POINTD1FN
                 	LDI  R30,LOW(2*@0+(@1))
                 	LDI  R31,HIGH(2*@0+(@1))
                 	LDI  R22,BYTE3(2*@0+(@1))
                 	LDI  R23,BYTE4(2*@0+(@1))
                 	.ENDM
                 
                 	.MACRO __POINTB2MN
                 	LDI  R26,LOW(@0+(@1))
                 	.ENDM
                 
                 	.MACRO __POINTW2MN
                 	LDI  R26,LOW(@0+(@1))
                 	LDI  R27,HIGH(@0+(@1))
                 	.ENDM
                 
                 	.MACRO __POINTW2FN
                 	LDI  R26,LOW(2*@0+(@1))
                 	LDI  R27,HIGH(2*@0+(@1))
                 	.ENDM
                 
                 	.MACRO __POINTD2FN
                 	LDI  R26,LOW(2*@0+(@1))
                 	LDI  R27,HIGH(2*@0+(@1))
                 	LDI  R24,BYTE3(2*@0+(@1))
                 	LDI  R25,BYTE4(2*@0+(@1))
                 	.ENDM
                 
                 	.MACRO __POINTBRM
                 	LDI  R@0,LOW(@1)
                 	.ENDM
                 
                 	.MACRO __POINTWRM
                 	LDI  R@0,LOW(@2)
                 	LDI  R@1,HIGH(@2)
                 	.ENDM
                 
                 	.MACRO __POINTBRMN
                 	LDI  R@0,LOW(@1+(@2))
                 	.ENDM
                 
                 	.MACRO __POINTWRMN
                 	LDI  R@0,LOW(@2+(@3))
                 	LDI  R@1,HIGH(@2+(@3))
                 	.ENDM
                 
                 	.MACRO __POINTWRFN
                 	LDI  R@0,LOW(@2*2+(@3))
                 	LDI  R@1,HIGH(@2*2+(@3))
                 	.ENDM
                 
                 	.MACRO __GETD1N
                 	LDI  R30,LOW(@0)
                 	LDI  R31,HIGH(@0)
                 	LDI  R22,BYTE3(@0)
                 	LDI  R23,BYTE4(@0)
                 	.ENDM
                 
                 	.MACRO __GETD2N
                 	LDI  R26,LOW(@0)
                 	LDI  R27,HIGH(@0)
                 	LDI  R24,BYTE3(@0)
                 	LDI  R25,BYTE4(@0)
                 	.ENDM
                 
                 	.MACRO __GETB1MN
                 	LDS  R30,@0+(@1)
                 	.ENDM
                 
                 	.MACRO __GETB1HMN
                 	LDS  R31,@0+(@1)
                 	.ENDM
                 
                 	.MACRO __GETW1MN
                 	LDS  R30,@0+(@1)
                 	LDS  R31,@0+(@1)+1
                 	.ENDM
                 
                 	.MACRO __GETD1MN
                 	LDS  R30,@0+(@1)
                 	LDS  R31,@0+(@1)+1
                 	LDS  R22,@0+(@1)+2
                 	LDS  R23,@0+(@1)+3
                 	.ENDM
                 
                 	.MACRO __GETBRMN
                 	LDS  R@0,@1+(@2)
                 	.ENDM
                 
                 	.MACRO __GETWRMN
                 	LDS  R@0,@2+(@3)
                 	LDS  R@1,@2+(@3)+1
                 	.ENDM
                 
                 	.MACRO __GETWRZ
                 	LDD  R@0,Z+@2
                 	LDD  R@1,Z+@2+1
                 	.ENDM
                 
                 	.MACRO __GETD2Z
                 	LDD  R26,Z+@0
                 	LDD  R27,Z+@0+1
                 	LDD  R24,Z+@0+2
                 	LDD  R25,Z+@0+3
                 	.ENDM
                 
                 	.MACRO __GETB2MN
                 	LDS  R26,@0+(@1)
                 	.ENDM
                 
                 	.MACRO __GETW2MN
                 	LDS  R26,@0+(@1)
                 	LDS  R27,@0+(@1)+1
                 	.ENDM
                 
                 	.MACRO __GETD2MN
                 	LDS  R26,@0+(@1)
                 	LDS  R27,@0+(@1)+1
                 	LDS  R24,@0+(@1)+2
                 	LDS  R25,@0+(@1)+3
                 	.ENDM
                 
                 	.MACRO __PUTB1MN
                 	STS  @0+(@1),R30
                 	.ENDM
                 
                 	.MACRO __PUTW1MN
                 	STS  @0+(@1),R30
                 	STS  @0+(@1)+1,R31
                 	.ENDM
                 
                 	.MACRO __PUTD1MN
                 	STS  @0+(@1),R30
                 	STS  @0+(@1)+1,R31
                 	STS  @0+(@1)+2,R22
                 	STS  @0+(@1)+3,R23
                 	.ENDM
                 
                 	.MACRO __PUTB1EN
                 	LDI  R26,LOW(@0+(@1))
                 	LDI  R27,HIGH(@0+(@1))
                 	RCALL __EEPROMWRB
                 	.ENDM
                 
                 	.MACRO __PUTW1EN
                 	LDI  R26,LOW(@0+(@1))
                 	LDI  R27,HIGH(@0+(@1))
                 	RCALL __EEPROMWRW
                 	.ENDM
                 
                 	.MACRO __PUTD1EN
                 	LDI  R26,LOW(@0+(@1))
                 	LDI  R27,HIGH(@0+(@1))
                 	RCALL __EEPROMWRD
                 	.ENDM
                 
                 	.MACRO __PUTBR0MN
                 	STS  @0+(@1),R0
                 	.ENDM
                 
                 	.MACRO __PUTBMRN
                 	STS  @0+(@1),R@2
                 	.ENDM
                 
                 	.MACRO __PUTWMRN
                 	STS  @0+(@1),R@2
                 	STS  @0+(@1)+1,R@3
                 	.ENDM
                 
                 	.MACRO __PUTBZR
                 	STD  Z+@1,R@0
                 	.ENDM
                 
                 	.MACRO __PUTWZR
                 	STD  Z+@2,R@0
                 	STD  Z+@2+1,R@1
                 	.ENDM
                 
                 	.MACRO __GETW1R
                 	MOV  R30,R@0
                 	MOV  R31,R@1
                 	.ENDM
                 
                 	.MACRO __GETW2R
                 	MOV  R26,R@0
                 	MOV  R27,R@1
                 	.ENDM
                 
                 	.MACRO __GETWRN
                 	LDI  R@0,LOW(@2)
                 	LDI  R@1,HIGH(@2)
                 	.ENDM
                 
                 	.MACRO __PUTW1R
                 	MOV  R@0,R30
                 	MOV  R@1,R31
                 	.ENDM
                 
                 	.MACRO __PUTW2R
                 	MOV  R@0,R26
                 	MOV  R@1,R27
                 	.ENDM
                 
                 	.MACRO __ADDWRN
                 	SUBI R@0,LOW(-@2)
                 	SBCI R@1,HIGH(-@2)
                 	.ENDM
                 
                 	.MACRO __ADDWRR
                 	ADD  R@0,R@2
                 	ADC  R@1,R@3
                 	.ENDM
                 
                 	.MACRO __SUBWRN
                 	SUBI R@0,LOW(@2)
                 	SBCI R@1,HIGH(@2)
                 	.ENDM
                 
                 	.MACRO __SUBWRR
                 	SUB  R@0,R@2
                 	SBC  R@1,R@3
                 	.ENDM
                 
                 	.MACRO __ANDWRN
                 	ANDI R@0,LOW(@2)
                 	ANDI R@1,HIGH(@2)
                 	.ENDM
                 
                 	.MACRO __ANDWRR
                 	AND  R@0,R@2
                 	AND  R@1,R@3
                 	.ENDM
                 
                 	.MACRO __ORWRN
                 	ORI  R@0,LOW(@2)
                 	ORI  R@1,HIGH(@2)
                 	.ENDM
                 
                 	.MACRO __ORWRR
                 	OR   R@0,R@2
                 	OR   R@1,R@3
                 	.ENDM
                 
                 	.MACRO __EORWRR
                 	EOR  R@0,R@2
                 	EOR  R@1,R@3
                 	.ENDM
                 
                 	.MACRO __GETWRS
                 	LDD  R@0,Y+@2
                 	LDD  R@1,Y+@2+1
                 	.ENDM
                 
                 	.MACRO __PUTBSR
                 	STD  Y+@1,R@0
                 	.ENDM
                 
                 	.MACRO __PUTWSR
                 	STD  Y+@2,R@0
                 	STD  Y+@2+1,R@1
                 	.ENDM
                 
                 	.MACRO __MOVEWRR
                 	MOV  R@0,R@2
                 	MOV  R@1,R@3
                 	.ENDM
                 
                 	.MACRO __INWR
                 	IN   R@0,@2
                 	IN   R@1,@2+1
                 	.ENDM
                 
                 	.MACRO __OUTWR
                 	OUT  @2+1,R@1
                 	OUT  @2,R@0
                 	.ENDM
                 
                 	.MACRO __CALL1MN
                 	LDS  R30,@0+(@1)
                 	LDS  R31,@0+(@1)+1
                 	ICALL
                 	.ENDM
                 
                 	.MACRO __CALL1FN
                 	LDI  R30,LOW(2*@0+(@1))
                 	LDI  R31,HIGH(2*@0+(@1))
                 	RCALL __GETW1PF
                 	ICALL
                 	.ENDM
                 
                 	.MACRO __CALL2EN
                 	PUSH R26
                 	PUSH R27
                 	LDI  R26,LOW(@0+(@1))
                 	LDI  R27,HIGH(@0+(@1))
                 	RCALL __EEPROMRDW
                 	POP  R27
                 	POP  R26
                 	ICALL
                 	.ENDM
                 
                 	.MACRO __CALL2EX
                 	SUBI R26,LOW(-@0)
                 	SBCI R27,HIGH(-@0)
                 	RCALL __EEPROMRDD
                 	ICALL
                 	.ENDM
                 
                 	.MACRO __GETW1STACK
                 	IN   R30,SPL
                 	IN   R31,SPH
                 	ADIW R30,@0+1
                 	LD   R0,Z+
                 	LD   R31,Z
                 	MOV  R30,R0
                 	.ENDM
                 
                 	.MACRO __GETD1STACK
                 	IN   R30,SPL
                 	IN   R31,SPH
                 	ADIW R30,@0+1
                 	LD   R0,Z+
                 	LD   R1,Z+
                 	LD   R22,Z
                 	MOVW R30,R0
                 	.ENDM
                 
                 	.MACRO __NBST
                 	BST  R@0,@1
                 	IN   R30,SREG
                 	LDI  R31,0x40
                 	EOR  R30,R31
                 	OUT  SREG,R30
                 	.ENDM
                 
                 
                 	.MACRO __PUTB1SN
                 	LDD  R26,Y+@0
                 	LDD  R27,Y+@0+1
                 	SUBI R26,LOW(-@1)
                 	SBCI R27,HIGH(-@1)
                 	ST   X,R30
                 	.ENDM
                 
                 	.MACRO __PUTW1SN
                 	LDD  R26,Y+@0
                 	LDD  R27,Y+@0+1
                 	SUBI R26,LOW(-@1)
                 	SBCI R27,HIGH(-@1)
                 	ST   X+,R30
                 	ST   X,R31
                 	.ENDM
                 
                 	.MACRO __PUTD1SN
                 	LDD  R26,Y+@0
                 	LDD  R27,Y+@0+1
                 	SUBI R26,LOW(-@1)
                 	SBCI R27,HIGH(-@1)
                 	RCALL __PUTDP1
                 	.ENDM
                 
                 	.MACRO __PUTB1SNS
                 	LDD  R26,Y+@0
                 	LDD  R27,Y+@0+1
                 	ADIW R26,@1
                 	ST   X,R30
                 	.ENDM
                 
                 	.MACRO __PUTW1SNS
                 	LDD  R26,Y+@0
                 	LDD  R27,Y+@0+1
                 	ADIW R26,@1
                 	ST   X+,R30
                 	ST   X,R31
                 	.ENDM
                 
                 	.MACRO __PUTD1SNS
                 	LDD  R26,Y+@0
                 	LDD  R27,Y+@0+1
                 	ADIW R26,@1
                 	RCALL __PUTDP1
                 	.ENDM
                 
                 	.MACRO __PUTB1PMN
                 	LDS  R26,@0
                 	LDS  R27,@0+1
                 	SUBI R26,LOW(-@1)
                 	SBCI R27,HIGH(-@1)
                 	ST   X,R30
                 	.ENDM
                 
                 	.MACRO __PUTW1PMN
                 	LDS  R26,@0
                 	LDS  R27,@0+1
                 	SUBI R26,LOW(-@1)
                 	SBCI R27,HIGH(-@1)
                 	ST   X+,R30
                 	ST   X,R31
                 	.ENDM
                 
                 	.MACRO __PUTD1PMN
                 	LDS  R26,@0
                 	LDS  R27,@0+1
                 	SUBI R26,LOW(-@1)
                 	SBCI R27,HIGH(-@1)
                 	RCALL __PUTDP1
                 	.ENDM
                 
                 	.MACRO __PUTB1PMNS
                 	LDS  R26,@0
                 	LDS  R27,@0+1
                 	ADIW R26,@1
                 	ST   X,R30
                 	.ENDM
                 
                 	.MACRO __PUTW1PMNS
                 	LDS  R26,@0
                 	LDS  R27,@0+1
                 	ADIW R26,@1
                 	ST   X+,R30
                 	ST   X,R31
                 	.ENDM
                 
                 	.MACRO __PUTD1PMNS
                 	LDS  R26,@0
                 	LDS  R27,@0+1
                 	ADIW R26,@1
                 	RCALL __PUTDP1
                 	.ENDM
                 
                 	.MACRO __PUTB1RN
                 	MOVW R26,R@0
                 	SUBI R26,LOW(-@1)
                 	SBCI R27,HIGH(-@1)
                 	ST   X,R30
                 	.ENDM
                 
                 	.MACRO __PUTW1RN
                 	MOVW R26,R@0
                 	SUBI R26,LOW(-@1)
                 	SBCI R27,HIGH(-@1)
                 	ST   X+,R30
                 	ST   X,R31
                 	.ENDM
                 
                 	.MACRO __PUTD1RN
                 	MOVW R26,R@0
                 	SUBI R26,LOW(-@1)
                 	SBCI R27,HIGH(-@1)
                 	RCALL __PUTDP1
                 	.ENDM
                 
                 	.MACRO __PUTB1RNS
                 	MOVW R26,R@0
                 	ADIW R26,@1
                 	ST   X,R30
                 	.ENDM
                 
                 	.MACRO __PUTW1RNS
                 	MOVW R26,R@0
                 	ADIW R26,@1
                 	ST   X+,R30
                 	ST   X,R31
                 	.ENDM
                 
                 	.MACRO __PUTD1RNS
                 	MOVW R26,R@0
                 	ADIW R26,@1
                 	RCALL __PUTDP1
                 	.ENDM
                 
                 	.MACRO __PUTB1RON
                 	MOV  R26,R@0
                 	MOV  R27,R@1
                 	SUBI R26,LOW(-@2)
                 	SBCI R27,HIGH(-@2)
                 	ST   X,R30
                 	.ENDM
                 
                 	.MACRO __PUTW1RON
                 	MOV  R26,R@0
                 	MOV  R27,R@1
                 	SUBI R26,LOW(-@2)
                 	SBCI R27,HIGH(-@2)
                 	ST   X+,R30
                 	ST   X,R31
                 	.ENDM
                 
                 	.MACRO __PUTD1RON
                 	MOV  R26,R@0
                 	MOV  R27,R@1
                 	SUBI R26,LOW(-@2)
                 	SBCI R27,HIGH(-@2)
                 	RCALL __PUTDP1
                 	.ENDM
                 
                 	.MACRO __PUTB1RONS
                 	MOV  R26,R@0
                 	MOV  R27,R@1
                 	ADIW R26,@2
                 	ST   X,R30
                 	.ENDM
                 
                 	.MACRO __PUTW1RONS
                 	MOV  R26,R@0
                 	MOV  R27,R@1
                 	ADIW R26,@2
                 	ST   X+,R30
                 	ST   X,R31
                 	.ENDM
                 
                 	.MACRO __PUTD1RONS
                 	MOV  R26,R@0
                 	MOV  R27,R@1
                 	ADIW R26,@2
                 	RCALL __PUTDP1
                 	.ENDM
                 
                 
                 	.MACRO __GETB1SX
                 	MOVW R30,R28
                 	SUBI R30,LOW(-@0)
                 	SBCI R31,HIGH(-@0)
                 	LD   R30,Z
                 	.ENDM
                 
                 	.MACRO __GETB1HSX
                 	MOVW R30,R28
                 	SUBI R30,LOW(-@0)
                 	SBCI R31,HIGH(-@0)
                 	LD   R31,Z
                 	.ENDM
                 
                 	.MACRO __GETW1SX
                 	MOVW R30,R28
                 	SUBI R30,LOW(-@0)
                 	SBCI R31,HIGH(-@0)
                 	LD   R0,Z+
                 	LD   R31,Z
                 	MOV  R30,R0
                 	.ENDM
                 
                 	.MACRO __GETD1SX
                 	MOVW R30,R28
                 	SUBI R30,LOW(-@0)
                 	SBCI R31,HIGH(-@0)
                 	LD   R0,Z+
                 	LD   R1,Z+
                 	LD   R22,Z+
                 	LD   R23,Z
                 	MOVW R30,R0
                 	.ENDM
                 
                 	.MACRO __GETB2SX
                 	MOVW R26,R28
                 	SUBI R26,LOW(-@0)
                 	SBCI R27,HIGH(-@0)
                 	LD   R26,X
                 	.ENDM
                 
                 	.MACRO __GETW2SX
                 	MOVW R26,R28
                 	SUBI R26,LOW(-@0)
                 	SBCI R27,HIGH(-@0)
                 	LD   R0,X+
                 	LD   R27,X
                 	MOV  R26,R0
                 	.ENDM
                 
                 	.MACRO __GETD2SX
                 	MOVW R26,R28
                 	SUBI R26,LOW(-@0)
                 	SBCI R27,HIGH(-@0)
                 	LD   R0,X+
                 	LD   R1,X+
                 	LD   R24,X+
                 	LD   R25,X
                 	MOVW R26,R0
                 	.ENDM
                 
                 	.MACRO __GETBRSX
                 	MOVW R30,R28
                 	SUBI R30,LOW(-@1)
                 	SBCI R31,HIGH(-@1)
                 	LD   R@0,Z
                 	.ENDM
                 
                 	.MACRO __GETWRSX
                 	MOVW R30,R28
                 	SUBI R30,LOW(-@2)
                 	SBCI R31,HIGH(-@2)
                 	LD   R@0,Z+
                 	LD   R@1,Z
                 	.ENDM
                 
                 	.MACRO __GETBRSX2
                 	MOVW R26,R28
                 	SUBI R26,LOW(-@1)
                 	SBCI R27,HIGH(-@1)
                 	LD   R@0,X
                 	.ENDM
                 
                 	.MACRO __GETWRSX2
                 	MOVW R26,R28
                 	SUBI R26,LOW(-@2)
                 	SBCI R27,HIGH(-@2)
                 	LD   R@0,X+
                 	LD   R@1,X
                 	.ENDM
                 
                 	.MACRO __LSLW8SX
                 	MOVW R30,R28
                 	SUBI R30,LOW(-@0)
                 	SBCI R31,HIGH(-@0)
                 	LD   R31,Z
                 	CLR  R30
                 	.ENDM
                 
                 	.MACRO __PUTB1SX
                 	MOVW R26,R28
                 	SUBI R26,LOW(-@0)
                 	SBCI R27,HIGH(-@0)
                 	ST   X,R30
                 	.ENDM
                 
                 	.MACRO __PUTW1SX
                 	MOVW R26,R28
                 	SUBI R26,LOW(-@0)
                 	SBCI R27,HIGH(-@0)
                 	ST   X+,R30
                 	ST   X,R31
                 	.ENDM
                 
                 	.MACRO __PUTD1SX
                 	MOVW R26,R28
                 	SUBI R26,LOW(-@0)
                 	SBCI R27,HIGH(-@0)
                 	ST   X+,R30
                 	ST   X+,R31
                 	ST   X+,R22
                 	ST   X,R23
                 	.ENDM
                 
                 	.MACRO __CLRW1SX
                 	MOVW R26,R28
                 	SUBI R26,LOW(-@0)
                 	SBCI R27,HIGH(-@0)
                 	ST   X+,R30
                 	ST   X,R30
                 	.ENDM
                 
                 	.MACRO __CLRD1SX
                 	MOVW R26,R28
                 	SUBI R26,LOW(-@0)
                 	SBCI R27,HIGH(-@0)
                 	ST   X+,R30
                 	ST   X+,R30
                 	ST   X+,R30
                 	ST   X,R30
                 	.ENDM
                 
                 	.MACRO __PUTB2SX
                 	MOVW R30,R28
                 	SUBI R30,LOW(-@0)
                 	SBCI R31,HIGH(-@0)
                 	ST   Z,R26
                 	.ENDM
                 
                 	.MACRO __PUTW2SX
                 	MOVW R30,R28
                 	SUBI R30,LOW(-@0)
                 	SBCI R31,HIGH(-@0)
                 	ST   Z+,R26
                 	ST   Z,R27
                 	.ENDM
                 
                 	.MACRO __PUTD2SX
                 	MOVW R30,R28
                 	SUBI R30,LOW(-@0)
                 	SBCI R31,HIGH(-@0)
                 	ST   Z+,R26
                 	ST   Z+,R27
                 	ST   Z+,R24
                 	ST   Z,R25
                 	.ENDM
                 
                 	.MACRO __PUTBSRX
                 	MOVW R30,R28
                 	SUBI R30,LOW(-@1)
                 	SBCI R31,HIGH(-@1)
                 	ST   Z,R@0
                 	.ENDM
                 
                 	.MACRO __PUTWSRX
                 	MOVW R30,R28
                 	SUBI R30,LOW(-@2)
                 	SBCI R31,HIGH(-@2)
                 	ST   Z+,R@0
                 	ST   Z,R@1
                 	.ENDM
                 
                 	.MACRO __PUTB1SNX
                 	MOVW R26,R28
                 	SUBI R26,LOW(-@0)
                 	SBCI R27,HIGH(-@0)
                 	LD   R0,X+
                 	LD   R27,X
                 	MOV  R26,R0
                 	SUBI R26,LOW(-@1)
                 	SBCI R27,HIGH(-@1)
                 	ST   X,R30
                 	.ENDM
                 
                 	.MACRO __PUTW1SNX
                 	MOVW R26,R28
                 	SUBI R26,LOW(-@0)
                 	SBCI R27,HIGH(-@0)
                 	LD   R0,X+
                 	LD   R27,X
                 	MOV  R26,R0
                 	SUBI R26,LOW(-@1)
                 	SBCI R27,HIGH(-@1)
                 	ST   X+,R30
                 	ST   X,R31
                 	.ENDM
                 
                 	.MACRO __PUTD1SNX
                 	MOVW R26,R28
                 	SUBI R26,LOW(-@0)
                 	SBCI R27,HIGH(-@0)
                 	LD   R0,X+
                 	LD   R27,X
                 	MOV  R26,R0
                 	SUBI R26,LOW(-@1)
                 	SBCI R27,HIGH(-@1)
                 	ST   X+,R30
                 	ST   X+,R31
                 	ST   X+,R22
                 	ST   X,R23
                 	.ENDM
                 
                 	.MACRO __MULBRR
                 	MULS R@0,R@1
                 	MOVW R30,R0
                 	.ENDM
                 
                 	.MACRO __MULBRRU
                 	MUL  R@0,R@1
                 	MOVW R30,R0
                 	.ENDM
                 
                 	.MACRO __MULBRR0
                 	MULS R@0,R@1
                 	.ENDM
                 
                 	.MACRO __MULBRRU0
                 	MUL  R@0,R@1
                 	.ENDM
                 
                 	.MACRO __MULBNWRU
                 	LDI  R26,@2
                 	MUL  R26,R@0
                 	MOVW R30,R0
                 	MUL  R26,R@1
                 	ADD  R31,R0
                 	.ENDM
                 
                 ;NAME DEFINITIONS FOR GLOBAL VARIABLES ALLOCATED TO REGISTERS
                 	.DEF _var1=R4
                 	.DEF _var1_msb=R5
                 	.DEF _var2=R6
                 	.DEF _var2_msb=R7
                 	.DEF _units=R9
                 	.DEF _teens=R10
                 	.DEF _teens_msb=R11
                 	.DEF _count=R12
                 	.DEF _count_msb=R13
                 
                 	.CSEG
                 	.ORG 0x00
                 
                 ;START OF CODE MARKER
                 __START_OF_CODE:
                 
                 ;INTERRUPT VECTORS
000000 c019      	RJMP __RESET
000001 cffe      	RJMP 0x00
000002 cffd      	RJMP 0x00
000003 cffc      	RJMP 0x00
000004 cffb      	RJMP 0x00
000005 cffa      	RJMP 0x00
000006 cff9      	RJMP 0x00
000007 cff8      	RJMP 0x00
000008 cff7      	RJMP 0x00
000009 cff6      	RJMP 0x00
00000a cff5      	RJMP 0x00
00000b cff4      	RJMP 0x00
00000c cff3      	RJMP 0x00
00000d cff2      	RJMP 0x00
00000e cff1      	RJMP 0x00
00000f cff0      	RJMP 0x00
000010 cfef      	RJMP 0x00
000011 cfee      	RJMP 0x00
000012 cfed      	RJMP 0x00
000013 cfec      	RJMP 0x00
000014 cfeb      	RJMP 0x00
                 
                 ;REGISTER BIT VARIABLES INITIALIZATION
                 __REG_BIT_VARS:
000015 0000      	.DW  0x0000
                 
                 
                 __GLOBAL_INI_TBL:
000016 0001      	.DW  0x01
000017 0002      	.DW  0x02
000018 002a      	.DW  __REG_BIT_VARS*2
                 
                 _0xFFFFFFFF:
000019 0000      	.DW  0
                 
                 #define __GLOBAL_INI_TBL_PRESENT 1
                 
                 __RESET:
00001a 94f8      	CLI
00001b 27ee      	CLR  R30
00001c bbec      	OUT  EECR,R30
                 
                 ;INTERRUPT VECTORS ARE PLACED
                 ;AT THE START OF FLASH
00001d e0f1      	LDI  R31,1
00001e bffb      	OUT  GICR,R31
00001f bfeb      	OUT  GICR,R30
000020 bfe5      	OUT  MCUCR,R30
                 
                 ;CLEAR R2-R14
000021 e08d      	LDI  R24,(14-2)+1
000022 e0a2      	LDI  R26,2
000023 27bb      	CLR  R27
                 __CLEAR_REG:
000024 93ed      	ST   X+,R30
000025 958a      	DEC  R24
000026 f7e9      	BRNE __CLEAR_REG
                 
                 ;CLEAR SRAM
000027 e080      	LDI  R24,LOW(__CLEAR_SRAM_SIZE)
000028 e092      	LDI  R25,HIGH(__CLEAR_SRAM_SIZE)
000029 e6a0      	LDI  R26,__SRAM_START
                 __CLEAR_SRAM:
00002a 93ed      	ST   X+,R30
00002b 9701      	SBIW R24,1
00002c f7e9      	BRNE __CLEAR_SRAM
                 
                 ;GLOBAL VARIABLES INITIALIZATION
00002d e2ec      	LDI  R30,LOW(__GLOBAL_INI_TBL*2)
00002e e0f0      	LDI  R31,HIGH(__GLOBAL_INI_TBL*2)
                 __GLOBAL_INI_NEXT:
00002f 9185      	LPM  R24,Z+
000030 9195      	LPM  R25,Z+
000031 9700      	SBIW R24,0
000032 f061      	BREQ __GLOBAL_INI_END
000033 91a5      	LPM  R26,Z+
000034 91b5      	LPM  R27,Z+
000035 9005      	LPM  R0,Z+
000036 9015      	LPM  R1,Z+
000037 01bf      	MOVW R22,R30
000038 01f0      	MOVW R30,R0
                 __GLOBAL_INI_LOOP:
000039 9005      	LPM  R0,Z+
00003a 920d      	ST   X+,R0
00003b 9701      	SBIW R24,1
00003c f7e1      	BRNE __GLOBAL_INI_LOOP
00003d 01fb      	MOVW R30,R22
00003e cff0      	RJMP __GLOBAL_INI_NEXT
                 __GLOBAL_INI_END:
                 
                 ;HARDWARE STACK POINTER INITIALIZATION
00003f e5ef      	LDI  R30,LOW(__SRAM_END-__HEAP_SIZE)
000040 bfed      	OUT  SPL,R30
000041 e0e2      	LDI  R30,HIGH(__SRAM_END-__HEAP_SIZE)
000042 bfee      	OUT  SPH,R30
                 
                 ;DATA STACK POINTER INITIALIZATION
000043 eec0      	LDI  R28,LOW(__SRAM_START+__DSTACK_SIZE)
000044 e0d0      	LDI  R29,HIGH(__SRAM_START+__DSTACK_SIZE)
                 
000045 c000      	RJMP _main
                 
                 	.ESEG
                 	.ORG 0
                 
                 	.DSEG
                 	.ORG 0xE0
                 
                 	.CSEG
                 ;/*******************************************************
                 ;This program was created by the CodeWizardAVR V3.32
                 ;Automatic Program Generator
                 ;© Copyright 1998-2017 Pavel Haiduc, HP InfoTech s.r.l.
                 ;http://www.hpinfotech.com
                 ;
                 ;Project :
                 ;Version :
                 ;Date    : 2/15/2020
                 ;Author  :
                 ;Company :
                 ;Comments:
                 ;
                 ;
                 ;Chip type               : ATmega8535L
                 ;Program type            : Application
                 ;AVR Core Clock frequency: 1.000000 MHz
                 ;Memory model            : Small
                 ;External RAM size       : 0
                 ;Data Stack size         : 128
                 ;*******************************************************/
                 ;
                 ;#include <mega8535.h>
                 	#ifndef __SLEEP_DEFINED__
                 	#define __SLEEP_DEFINED__
                 	.EQU __se_bit=0x40
                 	.EQU __sm_mask=0xB0
                 	.EQU __sm_powerdown=0x20
                 	.EQU __sm_powersave=0x30
                 	.EQU __sm_standby=0xA0
                 	.EQU __sm_ext_standby=0xB0
                 	.EQU __sm_adc_noise_red=0x10
                 	.SET power_ctrl_reg=mcucr
                 	#endif
                 ;#include <delay.h>
                 ;#define boton PIND.0
                 ;bit botonp;
                 ;bit botona;
                 ;unsigned int var1;
                 ;unsigned int var2;
                 ;unsigned char units;
                 ;unsigned int teens;//teens
                 ;unsigned int count;
                 ;const char tabla7segmentos [10]={0x3f,0x06,0x5b,0x4f,0x66,0x6d,0x7c,0x07,0x7f,0x6f};
                 ;
                 ;// Declare your global variables here
                 ;
                 ;void main(void)
                 ; 0000 0026 {
                 
                 	.CSEG
                 _main:
                 ; .FSTART _main
                 ; 0000 0027 // Declare your local variables here
                 ; 0000 0028 
                 ; 0000 0029 // Input/Output Ports initialization
                 ; 0000 002A // Port A initialization
                 ; 0000 002B // Function: Bit7=Out Bit6=Out Bit5=Out Bit4=Out Bit3=Out Bit2=Out Bit1=Out Bit0=Out
                 ; 0000 002C DDRA=(1<<DDA7) | (1<<DDA6) | (1<<DDA5) | (1<<DDA4) | (1<<DDA3) | (1<<DDA2) | (1<<DDA1) | (1<<DDA0);
000046 efef      	LDI  R30,LOW(255)
000047 bbea      	OUT  0x1A,R30
                 ; 0000 002D // State: Bit7=0 Bit6=0 Bit5=0 Bit4=0 Bit3=0 Bit2=0 Bit1=0 Bit0=0
                 ; 0000 002E PORTA=(0<<PORTA7) | (0<<PORTA6) | (0<<PORTA5) | (0<<PORTA4) | (0<<PORTA3) | (0<<PORTA2) | (0<<PORTA1) | (0<<PORTA0);
000048 e0e0      	LDI  R30,LOW(0)
000049 bbeb      	OUT  0x1B,R30
                 ; 0000 002F 
                 ; 0000 0030 // Port B initialization
                 ; 0000 0031 // Function: Bit7=Out Bit6=Out Bit5=Out Bit4=Out Bit3=Out Bit2=Out Bit1=Out Bit0=Out
                 ; 0000 0032 DDRB=(1<<DDB7) | (1<<DDB6) | (1<<DDB5) | (1<<DDB4) | (1<<DDB3) | (1<<DDB2) | (1<<DDB1) | (1<<DDB0);
00004a efef      	LDI  R30,LOW(255)
00004b bbe7      	OUT  0x17,R30
                 ; 0000 0033 // State: Bit7=0 Bit6=0 Bit5=0 Bit4=0 Bit3=0 Bit2=0 Bit1=0 Bit0=0
                 ; 0000 0034 PORTB=(0<<PORTB7) | (0<<PORTB6) | (0<<PORTB5) | (0<<PORTB4) | (0<<PORTB3) | (0<<PORTB2) | (0<<PORTB1) | (0<<PORTB0);
00004c e0e0      	LDI  R30,LOW(0)
00004d bbe8      	OUT  0x18,R30
                 ; 0000 0035 
                 ; 0000 0036 // Port C initialization
                 ; 0000 0037 // Function: Bit7=In Bit6=In Bit5=In Bit4=In Bit3=In Bit2=In Bit1=In Bit0=In
                 ; 0000 0038 DDRC=(0<<DDC7) | (0<<DDC6) | (0<<DDC5) | (0<<DDC4) | (0<<DDC3) | (0<<DDC2) | (0<<DDC1) | (0<<DDC0);
00004e bbe4      	OUT  0x14,R30
                 ; 0000 0039 // State: Bit7=T Bit6=T Bit5=T Bit4=T Bit3=T Bit2=T Bit1=T Bit0=T
                 ; 0000 003A PORTC=(0<<PORTC7) | (0<<PORTC6) | (0<<PORTC5) | (0<<PORTC4) | (0<<PORTC3) | (0<<PORTC2) | (0<<PORTC1) | (0<<PORTC0);
00004f bbe5      	OUT  0x15,R30
                 ; 0000 003B 
                 ; 0000 003C // Port D initialization
                 ; 0000 003D // Function: Bit7=In Bit6=In Bit5=In Bit4=In Bit3=In Bit2=In Bit1=In Bit0=In
                 ; 0000 003E DDRD=(0<<DDD7) | (0<<DDD6) | (0<<DDD5) | (0<<DDD4) | (0<<DDD3) | (0<<DDD2) | (0<<DDD1) | (0<<DDD0);
000050 bbe1      	OUT  0x11,R30
                 ; 0000 003F // State: Bit7=T Bit6=T Bit5=T Bit4=T Bit3=T Bit2=T Bit1=T Bit0=T
                 ; 0000 0040 PORTD=(0<<PORTD7) | (0<<PORTD6) | (0<<PORTD5) | (0<<PORTD4) | (0<<PORTD3) | (0<<PORTD2) | (0<<PORTD1) | (0<<PORTD0);
000051 bbe2      	OUT  0x12,R30
                 ; 0000 0041 
                 ; 0000 0042 // Timer/Counter 0 initialization
                 ; 0000 0043 // Clock source: System Clock
                 ; 0000 0044 // Clock value: Timer 0 Stopped
                 ; 0000 0045 // Mode: Normal top=0xFF
                 ; 0000 0046 // OC0 output: Disconnected
                 ; 0000 0047 TCCR0=(0<<WGM00) | (0<<COM01) | (0<<COM00) | (0<<WGM01) | (0<<CS02) | (0<<CS01) | (0<<CS00);
000052 bfe3      	OUT  0x33,R30
                 ; 0000 0048 TCNT0=0x00;
000053 bfe2      	OUT  0x32,R30
                 ; 0000 0049 OCR0=0x00;
000054 bfec      	OUT  0x3C,R30
                 ; 0000 004A 
                 ; 0000 004B // Timer/Counter 1 initialization
                 ; 0000 004C // Clock source: System Clock
                 ; 0000 004D // Clock value: Timer1 Stopped
                 ; 0000 004E // Mode: Normal top=0xFFFF
                 ; 0000 004F // OC1A output: Disconnected
                 ; 0000 0050 // OC1B output: Disconnected
                 ; 0000 0051 // Noise Canceler: Off
                 ; 0000 0052 // Input Capture on Falling Edge
                 ; 0000 0053 // Timer1 Overflow Interrupt: Off
                 ; 0000 0054 // Input Capture Interrupt: Off
                 ; 0000 0055 // Compare A Match Interrupt: Off
                 ; 0000 0056 // Compare B Match Interrupt: Off
                 ; 0000 0057 TCCR1A=(0<<COM1A1) | (0<<COM1A0) | (0<<COM1B1) | (0<<COM1B0) | (0<<WGM11) | (0<<WGM10);
000055 bdef      	OUT  0x2F,R30
                 ; 0000 0058 TCCR1B=(0<<ICNC1) | (0<<ICES1) | (0<<WGM13) | (0<<WGM12) | (0<<CS12) | (0<<CS11) | (0<<CS10);
000056 bdee      	OUT  0x2E,R30
                 ; 0000 0059 TCNT1H=0x00;
000057 bded      	OUT  0x2D,R30
                 ; 0000 005A TCNT1L=0x00;
000058 bdec      	OUT  0x2C,R30
                 ; 0000 005B ICR1H=0x00;
000059 bde7      	OUT  0x27,R30
                 ; 0000 005C ICR1L=0x00;
00005a bde6      	OUT  0x26,R30
                 ; 0000 005D OCR1AH=0x00;
00005b bdeb      	OUT  0x2B,R30
                 ; 0000 005E OCR1AL=0x00;
00005c bdea      	OUT  0x2A,R30
                 ; 0000 005F OCR1BH=0x00;
00005d bde9      	OUT  0x29,R30
                 ; 0000 0060 OCR1BL=0x00;
00005e bde8      	OUT  0x28,R30
                 ; 0000 0061 
                 ; 0000 0062 // Timer/Counter 2 initialization
                 ; 0000 0063 // Clock source: System Clock
                 ; 0000 0064 // Clock value: Timer2 Stopped
                 ; 0000 0065 // Mode: Normal top=0xFF
                 ; 0000 0066 // OC2 output: Disconnected
                 ; 0000 0067 ASSR=0<<AS2;
00005f bde2      	OUT  0x22,R30
                 ; 0000 0068 TCCR2=(0<<WGM20) | (0<<COM21) | (0<<COM20) | (0<<WGM21) | (0<<CS22) | (0<<CS21) | (0<<CS20);
000060 bde5      	OUT  0x25,R30
                 ; 0000 0069 TCNT2=0x00;
000061 bde4      	OUT  0x24,R30
                 ; 0000 006A OCR2=0x00;
000062 bde3      	OUT  0x23,R30
                 ; 0000 006B 
                 ; 0000 006C // Timer(s)/Counter(s) Interrupt(s) initialization
                 ; 0000 006D TIMSK=(0<<OCIE2) | (0<<TOIE2) | (0<<TICIE1) | (0<<OCIE1A) | (0<<OCIE1B) | (0<<TOIE1) | (0<<OCIE0) | (0<<TOIE0);
000063 bfe9      	OUT  0x39,R30
                 ; 0000 006E 
                 ; 0000 006F // External Interrupt(s) initialization
                 ; 0000 0070 // INT0: Off
                 ; 0000 0071 // INT1: Off
                 ; 0000 0072 // INT2: Off
                 ; 0000 0073 MCUCR=(0<<ISC11) | (0<<ISC10) | (0<<ISC01) | (0<<ISC00);
000064 bfe5      	OUT  0x35,R30
                 ; 0000 0074 MCUCSR=(0<<ISC2);
000065 bfe4      	OUT  0x34,R30
                 ; 0000 0075 
                 ; 0000 0076 // USART initialization
                 ; 0000 0077 // USART disabled
                 ; 0000 0078 UCSRB=(0<<RXCIE) | (0<<TXCIE) | (0<<UDRIE) | (0<<RXEN) | (0<<TXEN) | (0<<UCSZ2) | (0<<RXB8) | (0<<TXB8);
000066 b9ea      	OUT  0xA,R30
                 ; 0000 0079 
                 ; 0000 007A // Analog Comparator initialization
                 ; 0000 007B // Analog Comparator: Off
                 ; 0000 007C // The Analog Comparator's positive input is
                 ; 0000 007D // connected to the AIN0 pin
                 ; 0000 007E // The Analog Comparator's negative input is
                 ; 0000 007F // connected to the AIN1 pin
                 ; 0000 0080 ACSR=(1<<ACD) | (0<<ACBG) | (0<<ACO) | (0<<ACI) | (0<<ACIE) | (0<<ACIC) | (0<<ACIS1) | (0<<ACIS0);
000067 e8e0      	LDI  R30,LOW(128)
000068 b9e8      	OUT  0x8,R30
                 ; 0000 0081 SFIOR=(0<<ACME);
000069 e0e0      	LDI  R30,LOW(0)
00006a bfe0      	OUT  0x30,R30
                 ; 0000 0082 
                 ; 0000 0083 // ADC initialization
                 ; 0000 0084 // ADC disabled
                 ; 0000 0085 ADCSRA=(0<<ADEN) | (0<<ADSC) | (0<<ADATE) | (0<<ADIF) | (0<<ADIE) | (0<<ADPS2) | (0<<ADPS1) | (0<<ADPS0);
00006b b9e6      	OUT  0x6,R30
                 ; 0000 0086 
                 ; 0000 0087 // SPI initialization
                 ; 0000 0088 // SPI disabled
                 ; 0000 0089 SPCR=(0<<SPIE) | (0<<SPE) | (0<<DORD) | (0<<MSTR) | (0<<CPOL) | (0<<CPHA) | (0<<SPR1) | (0<<SPR0);
00006c b9ed      	OUT  0xD,R30
                 ; 0000 008A 
                 ; 0000 008B // TWI initialization
                 ; 0000 008C // TWI disabled
                 ; 0000 008D TWCR=(0<<TWEA) | (0<<TWSTA) | (0<<TWSTO) | (0<<TWEN) | (0<<TWIE);
00006d bfe6      	OUT  0x36,R30
                 ; 0000 008E 
                 ; 0000 008F while (1){
                 _0x3:
                 ; 0000 0090     count = 2000;
00006e ede0      	LDI  R30,LOW(2000)
00006f e0f7      	LDI  R31,HIGH(2000)
000070 016f      	MOVW R12,R30
                 ; 0000 0091     while(count){
                 _0x6:
000071 2c0c      	MOV  R0,R12
000072 280d      	OR   R0,R13
000073 f0f9      	BREQ _0x8
                 ; 0000 0092         if (boton==1)
000074 9b80      	SBIS 0x10,0
000075 c002      	RJMP _0x9
                 ; 0000 0093             botona=1;
000076 9468      	SET
000077 c001      	RJMP _0x4A
                 ; 0000 0094         else
                 _0x9:
                 ; 0000 0095             botona=0;
000078 94e8      	CLT
                 _0x4A:
000079 f821      	BLD  R2,1
                 ; 0000 0096         if ((botonp==0)&&(botona==1)){ //hubo cambio de flanco de 1 a 0
00007a fc20      	SBRC R2,0
00007b c002      	RJMP _0xC
00007c fc21      	SBRC R2,1
00007d c001      	RJMP _0xD
                 _0xC:
00007e c006      	RJMP _0xB
                 _0xD:
                 ; 0000 0097             var1+=9; //Se incrementa la variable
00007f 01f2      	MOVW R30,R4
000080 9639      	ADIW R30,9
000081 012f      	MOVW R4,R30
                 ; 0000 0098             delay_ms(40); //Se coloca retardo de 40mS para eliminar rebotes
000082 e2a8      	LDI  R26,LOW(40)
000083 e0b0      	LDI  R27,0
000084 d04f      	RCALL _delay_ms
                 ; 0000 0099         }
                 ; 0000 009A         if ((botonp==1 )&&(botona== 0)) //hubo cambio de flanco de 0 a 1
                 _0xB:
000085 fe20      	SBRS R2,0
000086 c002      	RJMP _0xF
000087 fe21      	SBRS R2,1
000088 c001      	RJMP _0x10
                 _0xF:
000089 c003      	RJMP _0xE
                 _0x10:
                 ; 0000 009B             delay_ms(40); //Se coloca retardo de 40mS para eliminar rebotes
00008a e2a8      	LDI  R26,LOW(40)
00008b e0b0      	LDI  R27,0
00008c d047      	RCALL _delay_ms
                 ; 0000 009C         botonp=botona;
                 _0xE:
00008d fa21      	BST  R2,1
00008e f820      	BLD  R2,0
                 ; 0000 009D 
                 ; 0000 009E     count--;
00008f 01f6      	MOVW R30,R12
000090 9731      	SBIW R30,1
000091 016f      	MOVW R12,R30
                 ; 0000 009F     }
000092 cfde      	RJMP _0x6
                 _0x8:
                 ; 0000 00A0     if(var1>=85 && var1<=100){
000093 e5e5      	LDI  R30,LOW(85)
000094 e0f0      	LDI  R31,HIGH(85)
000095 d038      	RCALL SUBOPT_0x0
000096 f020      	BRLO _0x12
000097 e6e4      	LDI  R30,LOW(100)
000098 e0f0      	LDI  R31,HIGH(100)
000099 d037      	RCALL SUBOPT_0x1
00009a f408      	BRSH _0x13
                 _0x12:
00009b c004      	RJMP _0x11
                 _0x13:
                 ; 0000 00A1         PORTB.0 = 1;
00009c 9ac0      	SBI  0x18,0
                 ; 0000 00A2         PORTB.1 = 0;
00009d 98c1      	CBI  0x18,1
                 ; 0000 00A3         PORTB.2 = 1;
00009e 9ac2      	SBI  0x18,2
                 ; 0000 00A4         PORTB.3 = 0;
00009f c029      	RJMP _0x4B
                 ; 0000 00A5     }
                 ; 0000 00A6     else if(var1>=60 && var1<=80){
                 _0x11:
0000a0 e3ec      	LDI  R30,LOW(60)
0000a1 e0f0      	LDI  R31,HIGH(60)
0000a2 d02b      	RCALL SUBOPT_0x0
0000a3 f020      	BRLO _0x1E
0000a4 e5e0      	LDI  R30,LOW(80)
0000a5 e0f0      	LDI  R31,HIGH(80)
0000a6 d02a      	RCALL SUBOPT_0x1
0000a7 f408      	BRSH _0x1F
                 _0x1E:
0000a8 c005      	RJMP _0x1D
                 _0x1F:
                 ; 0000 00A7         PORTB.0 = 0;
0000a9 98c0      	CBI  0x18,0
                 ; 0000 00A8         PORTB.1 = 1;
0000aa 9ac1      	SBI  0x18,1
                 ; 0000 00A9         PORTB.2 = 0;
0000ab 98c2      	CBI  0x18,2
                 ; 0000 00AA         PORTB.3 = 1;
0000ac 9ac3      	SBI  0x18,3
                 ; 0000 00AB     }
                 ; 0000 00AC     else if(var1>=30 && var1<=50){
0000ad c01c      	RJMP _0x28
                 _0x1D:
0000ae e1ee      	LDI  R30,LOW(30)
0000af e0f0      	LDI  R31,HIGH(30)
0000b0 d01d      	RCALL SUBOPT_0x0
0000b1 f020      	BRLO _0x2A
0000b2 e3e2      	LDI  R30,LOW(50)
0000b3 e0f0      	LDI  R31,HIGH(50)
0000b4 d01c      	RCALL SUBOPT_0x1
0000b5 f408      	BRSH _0x2B
                 _0x2A:
0000b6 c004      	RJMP _0x29
                 _0x2B:
                 ; 0000 00AD         PORTB.0 = 0;
0000b7 98c0      	CBI  0x18,0
                 ; 0000 00AE         PORTB.1 = 0;
0000b8 98c1      	CBI  0x18,1
                 ; 0000 00AF         PORTB.2 = 1;
0000b9 9ac2      	SBI  0x18,2
                 ; 0000 00B0         PORTB.3 = 0;
0000ba c00e      	RJMP _0x4B
                 ; 0000 00B1     }
                 ; 0000 00B2 
                 ; 0000 00B3     else if(var1>=1 && var1<=20){
                 _0x29:
0000bb e0e1      	LDI  R30,LOW(1)
0000bc e0f0      	LDI  R31,HIGH(1)
0000bd d010      	RCALL SUBOPT_0x0
0000be f020      	BRLO _0x36
0000bf e1e4      	LDI  R30,LOW(20)
0000c0 e0f0      	LDI  R31,HIGH(20)
0000c1 d00f      	RCALL SUBOPT_0x1
0000c2 f408      	BRSH _0x37
                 _0x36:
0000c3 c002      	RJMP _0x35
                 _0x37:
                 ; 0000 00B4         PORTB.0 = 1;
0000c4 9ac0      	SBI  0x18,0
                 ; 0000 00B5         PORTB.1 = 0;
0000c5 c001      	RJMP _0x4C
                 ; 0000 00B6         PORTB.2 = 0;
                 ; 0000 00B7         PORTB.3 = 0;
                 ; 0000 00B8     }
                 ; 0000 00B9     else{
                 _0x35:
                 ; 0000 00BA         PORTB.0 = 0;
0000c6 98c0      	CBI  0x18,0
                 ; 0000 00BB         PORTB.1 = 0;
                 _0x4C:
0000c7 98c1      	CBI  0x18,1
                 ; 0000 00BC         PORTB.2 = 0;
0000c8 98c2      	CBI  0x18,2
                 ; 0000 00BD         PORTB.3 = 0;
                 _0x4B:
0000c9 98c3      	CBI  0x18,3
                 ; 0000 00BE     }
                 _0x28:
                 ; 0000 00BF 
                 ; 0000 00C0     var1 =0;
0000ca 2444      	CLR  R4
0000cb 2455      	CLR  R5
                 ; 0000 00C1 
                 ; 0000 00C2 }
0000cc cfa1      	RJMP _0x3
                 ; 0000 00C3 }
                 _0x49:
0000cd cfff      	RJMP _0x49
                 ; .FEND
                 
                 	.CSEG
                 ;OPTIMIZER ADDED SUBROUTINE, CALLED 4 TIMES, CODE SIZE REDUCTION:1 WORDS
                 SUBOPT_0x0:
0000ce 164e      	CP   R4,R30
0000cf 065f      	CPC  R5,R31
0000d0 9508      	RET
                 
                 ;OPTIMIZER ADDED SUBROUTINE, CALLED 4 TIMES, CODE SIZE REDUCTION:1 WORDS
                 SUBOPT_0x1:
0000d1 15e4      	CP   R30,R4
0000d2 05f5      	CPC  R31,R5
0000d3 9508      	RET
                 
                 
                 	.CSEG
                 _delay_ms:
0000d4 9610      	adiw r26,0
0000d5 f039      	breq __delay_ms1
                 __delay_ms0:
                +
0000d6 ef8a     +LDI R24 , LOW ( 0xFA )
0000d7 e090     +LDI R25 , HIGH ( 0xFA )
                +__DELAY_USW_LOOP :
0000d8 9701     +SBIW R24 , 1
0000d9 f7f1     +BRNE __DELAY_USW_LOOP
                 	__DELAY_USW 0xFA
0000da 95a8      	wdr
0000db 9711      	sbiw r26,1
0000dc f7c9      	brne __delay_ms0
                 __delay_ms1:
0000dd 9508      	ret
                 
                 ;END OF CODE MARKER
                 __END_OF_CODE:


RESOURCE USE INFORMATION
------------------------

Notice:
The register and instruction counts are symbol table hit counts,
and hence implicitly used resources are not counted, eg, the
'lpm' instruction without operands implicitly uses r0 and z,
none of which are counted.

x,y,z are separate entities in the symbol table and are
counted separately from r26..r31 here.

.dseg memory usage only counts static data declared with .byte

ATmega8535L register use summary:
r0 :   6 r1 :   1 r2 :   7 r3 :   0 r4 :   5 r5 :   3 r6 :   0 r7 :   0 
r8 :   0 r9 :   0 r10:   0 r11:   0 r12:   4 r13:   1 r14:   0 r15:   0 
r16:   0 r17:   0 r18:   0 r19:   0 r20:   0 r21:   0 r22:   2 r23:   0 
r24:   9 r25:   3 r26:   7 r27:   4 r28:   1 r29:   1 r30:  72 r31:  14 
x  :   3 y  :   0 z  :   7 
Registers used: 18 out of 35 (51.4%)

ATmega8535L instruction use summary:
.lds  :   0 .lds.l:   0 .sts  :   0 .sts.l:   0 adc   :   0 add   :   0 
adiw  :   2 and   :   0 andi  :   0 asr   :   0 bclr  :   0 bld   :   2 
brbc  :   0 brbs  :   0 brcc  :   0 brcs  :   0 break :   0 breq  :   3 
brge  :   0 brhc  :   0 brhs  :   0 brid  :   0 brie  :   0 brlo  :   4 
brlt  :   0 brmi  :   0 brne  :   5 brpl  :   0 brsh  :   4 brtc  :   0 
brts  :   0 brvc  :   0 brvs  :   0 bset  :   0 bst   :   1 cbi   :   9 
cbr   :   0 clc   :   0 clh   :   0 cli   :   1 cln   :   0 clr   :   4 
cls   :   0 clt   :   1 clv   :   0 clz   :   0 com   :   0 cp    :   2 
cpc   :   2 cpi   :   0 cpse  :   0 dec   :   1 des   :   0 eor   :   0 
fmul  :   0 fmuls :   0 fmulsu:   0 icall :   0 ijmp  :   0 in    :   0 
inc   :   0 ld    :   0 ldd   :   0 ldi   :  42 lds   :   0 lpm   :   7 
lsl   :   0 lsr   :   0 mov   :   1 movw  :   8 mul   :   0 muls  :   0 
mulsu :   0 neg   :   0 nop   :   0 or    :   1 ori   :   0 out   :  40 
pop   :   0 push  :   0 rcall :  10 ret   :   3 reti  :   0 rjmp  :  42 
rol   :   0 ror   :   0 sbc   :   0 sbci  :   0 sbi   :   6 sbic  :   0 
sbis  :   1 sbiw  :   6 sbr   :   0 sbrc  :   2 sbrs  :   2 sec   :   0 
seh   :   0 sei   :   0 sen   :   0 ser   :   0 ses   :   0 set   :   1 
sev   :   0 sez   :   0 sleep :   0 spm   :   0 st    :   3 std   :   0 
sts   :   0 sub   :   0 subi  :   0 swap  :   0 tst   :   0 wdr   :   1 

Instructions used: 31 out of 114 (27.2%)

ATmega8535L memory use summary [bytes]:
Segment   Begin    End      Code   Data   Used    Size   Use%
---------------------------------------------------------------
[.cseg] 0x000000 0x0001bc    434     10    444    8192   5.4%
[.dseg] 0x000060 0x0000e0      0      0      0     512   0.0%
[.eseg] 0x000000 0x000000      0      0      0     512   0.0%

Assembly complete, 0 errors, 9 warnings
